<?xml version="1.0" encoding="UTF-8"?>
<!-- Generated by org.testng.reporters.JUnitXMLReporter -->
<testsuite ignored="0" hostname="NTPC-PC" failures="0" tests="3" name="Regression suite 1" time="21.246" errors="0" timestamp="20 Mar 2018 06:04:29 GMT">
  <testcase classname="NewProject.Selenium1" name="AddText" time="1.183"/>
  <testcase classname="NewProject.Selenium1" name="ChooseFromOptions" time="3.298"/>
  <testcase classname="NewProject.Selenium1" name="ClickOnTheFirstLink" time="6.292"/>
</testsuite> <!-- Regression suite 1 -->
