<?xml version="1.0" encoding="UTF-8"?>
<testng-results ignored="0" total="2" passed="2" failed="0" skipped="0">
  <reporter-output>
  </reporter-output>
  <suite started-at="2018-03-26T05:53:49Z" name="Default suite" finished-at="2018-03-26T05:53:59Z" duration-ms="10430">
    <groups>
    </groups>
    <test started-at="2018-03-26T05:53:49Z" name="Default test" finished-at="2018-03-26T05:53:59Z" duration-ms="10430">
      <class name="NewProject.AmazonLogin">
        <test-method is-config="true" signature="beforeSuite()[pri:0, instance:NewProject.AmazonLogin@53aad5d5]" started-at="2018-03-26T05:53:40Z" name="beforeSuite" finished-at="2018-03-26T05:53:49Z" duration-ms="8829" status="PASS">
          <reporter-output>
          </reporter-output>
        </test-method> <!-- beforeSuite -->
        <test-method is-config="true" signature="beforeTest()[pri:0, instance:NewProject.AmazonLogin@53aad5d5]" started-at="2018-03-26T05:53:49Z" name="beforeTest" finished-at="2018-03-26T05:53:50Z" duration-ms="1142" status="PASS">
          <reporter-output>
          </reporter-output>
        </test-method> <!-- beforeTest -->
        <test-method is-config="true" signature="beforeClass()[pri:0, instance:NewProject.AmazonLogin@53aad5d5]" started-at="2018-03-26T05:53:50Z" name="beforeClass" finished-at="2018-03-26T05:53:52Z" duration-ms="2021" status="PASS">
          <reporter-output>
          </reporter-output>
        </test-method> <!-- beforeClass -->
        <test-method is-config="true" signature="afterMethod()[pri:0, instance:NewProject.AmazonLogin@53aad5d5]" started-at="2018-03-26T05:53:52Z" name="afterMethod" finished-at="2018-03-26T05:53:52Z" duration-ms="0" status="PASS">
          <reporter-output>
          </reporter-output>
        </test-method> <!-- afterMethod -->
        <test-method signature="f(java.lang.Integer, java.lang.String)[pri:0, instance:NewProject.AmazonLogin@53aad5d5]" started-at="2018-03-26T05:53:52Z" name="f" data-provider="dp" finished-at="2018-03-26T05:53:52Z" duration-ms="7" status="PASS">
          <params>
            <param index="0">
              <value>
                <![CDATA[1]]>
              </value>
            </param>
            <param index="1">
              <value>
                <![CDATA[a]]>
              </value>
            </param>
          </params>
          <reporter-output>
          </reporter-output>
        </test-method> <!-- f -->
        <test-method is-config="true" signature="afterMethod()[pri:0, instance:NewProject.AmazonLogin@53aad5d5]" started-at="2018-03-26T05:53:52Z" name="afterMethod" finished-at="2018-03-26T05:53:52Z" duration-ms="0" status="PASS">
          <reporter-output>
          </reporter-output>
        </test-method> <!-- afterMethod -->
        <test-method is-config="true" signature="afterMethod()[pri:0, instance:NewProject.AmazonLogin@53aad5d5]" started-at="2018-03-26T05:53:52Z" name="afterMethod" finished-at="2018-03-26T05:53:52Z" duration-ms="0" status="PASS">
          <reporter-output>
          </reporter-output>
        </test-method> <!-- afterMethod -->
        <test-method signature="f(java.lang.Integer, java.lang.String)[pri:0, instance:NewProject.AmazonLogin@53aad5d5]" started-at="2018-03-26T05:53:52Z" name="f" data-provider="dp" finished-at="2018-03-26T05:53:52Z" duration-ms="3" status="PASS">
          <params>
            <param index="0">
              <value>
                <![CDATA[2]]>
              </value>
            </param>
            <param index="1">
              <value>
                <![CDATA[b]]>
              </value>
            </param>
          </params>
          <reporter-output>
          </reporter-output>
        </test-method> <!-- f -->
        <test-method is-config="true" signature="afterMethod()[pri:0, instance:NewProject.AmazonLogin@53aad5d5]" started-at="2018-03-26T05:53:52Z" name="afterMethod" finished-at="2018-03-26T05:53:52Z" duration-ms="0" status="PASS">
          <reporter-output>
          </reporter-output>
        </test-method> <!-- afterMethod -->
        <test-method is-config="true" signature="afterClass()[pri:0, instance:NewProject.AmazonLogin@53aad5d5]" started-at="2018-03-26T05:53:52Z" name="afterClass" finished-at="2018-03-26T05:53:57Z" duration-ms="5594" status="PASS">
          <reporter-output>
          </reporter-output>
        </test-method> <!-- afterClass -->
        <test-method is-config="true" signature="afterTest()[pri:0, instance:NewProject.AmazonLogin@53aad5d5]" started-at="2018-03-26T05:53:57Z" name="afterTest" finished-at="2018-03-26T05:53:59Z" duration-ms="1593" status="PASS">
          <reporter-output>
          </reporter-output>
        </test-method> <!-- afterTest -->
        <test-method is-config="true" signature="afterSuite()[pri:0, instance:NewProject.AmazonLogin@53aad5d5]" started-at="2018-03-26T05:53:59Z" name="afterSuite" finished-at="2018-03-26T05:54:04Z" duration-ms="5050" status="PASS">
          <reporter-output>
          </reporter-output>
        </test-method> <!-- afterSuite -->
      </class> <!-- NewProject.AmazonLogin -->
    </test> <!-- Default test -->
  </suite> <!-- Default suite -->
</testng-results>
