<?xml version="1.0" encoding="UTF-8"?>
<testng-results ignored="0" total="1" passed="1" failed="0" skipped="0">
  <reporter-output>
  </reporter-output>
  <suite started-at="2018-03-01T08:45:55Z" name="Default suite" finished-at="2018-03-01T08:46:09Z" duration-ms="13863">
    <groups>
    </groups>
    <test started-at="2018-03-01T08:45:55Z" name="Default test" finished-at="2018-03-01T08:46:09Z" duration-ms="13863">
      <class name="MercuryTours.Actions123">
        <test-method signature="act()[pri:0, instance:MercuryTours.Actions123@343570b7]" started-at="2018-03-01T08:45:55Z" name="act" finished-at="2018-03-01T08:46:09Z" duration-ms="13805" status="PASS">
          <reporter-output>
          </reporter-output>
        </test-method> <!-- act -->
      </class> <!-- MercuryTours.Actions123 -->
    </test> <!-- Default test -->
  </suite> <!-- Default suite -->
</testng-results>
